<?xml version="1.0" encoding="UTF-8"?>
<!-- Generated by org.testng.reporters.JUnitReportReporter -->
<testsuite hostname="DESKTOP-4ARR76J" failures="0" tests="1" name="SumValidation" time="2.367" errors="0" timestamp="2023-09-10T10:11:22 GST" skipped="0">
  <testcase classname="SumValidation" name="sumOfCourse" time="2.367"/>
  <system-out/>
</testsuite> <!-- SumValidation -->
